2025-04-10 16:53:09.730492 - Received SBGOLOB.CBT509.FILE846 from FILE846.XMI 
2025-04-10 16:53:09.732726 - Found $$$#DATE.txt (text/plain) in SBGOLOB.CBT509.FILE846, moved to PDS/$$$#DATE
2025-04-10 16:53:09.732922 - Found $$CLIP01.txt (text/plain) in SBGOLOB.CBT509.FILE846, moved to PDS/$$CLIP01
2025-04-10 16:53:09.733076 - Found $$NOTE01.txt (text/plain) in SBGOLOB.CBT509.FILE846, moved to PDS/$$NOTE01
2025-04-10 16:53:09.733209 - Found $$NOTE02.txt (text/plain) in SBGOLOB.CBT509.FILE846, moved to PDS/$$NOTE02
2025-04-10 16:53:09.733538 - Found $$NOTE03.txt (text/plain) in SBGOLOB.CBT509.FILE846, moved to PDS/$$NOTE03
2025-04-10 16:53:09.733863 - Found @FILE846.txt (text/plain) in SBGOLOB.CBT509.FILE846, moved to PDS/@FILE846
2025-04-10 16:53:09.733945 - Found AWSTAPIN.txt (text/plain) in SBGOLOB.CBT509.FILE846, moved to PDS/AWSTAPIN
2025-04-10 16:53:09.734234 - Found EOFDISK.jcl (text/plain) in SBGOLOB.CBT509.FILE846, moved to PDS/EOFDISK
2025-04-10 16:53:09.734304 - Found ONLCLEA$.jcl (text/plain) in SBGOLOB.CBT509.FILE846, moved to PDS/ONLCLEA$
2025-04-10 16:53:09.734367 - Found ONLCLEA#.txt (text/plain) in SBGOLOB.CBT509.FILE846, moved to PDS/ONLCLEA#
2025-04-10 16:53:09.734431 - Found ONLCLEAJ.jcl (text/plain) in SBGOLOB.CBT509.FILE846, moved to PDS/ONLCLEAJ
2025-04-10 16:53:09.734555 - Found ONLCLEAR.txt (text/plain) in SBGOLOB.CBT509.FILE846, moved to PDS/ONLCLEAR
2025-04-10 16:53:09.734624 - Found ONLCLI@@.txt (text/plain) in SBGOLOB.CBT509.FILE846, moved to PDS/ONLCLI@@
2025-04-10 16:53:09.734693 - Found ONLCLIJ1.jcl (text/plain) in SBGOLOB.CBT509.FILE846, moved to PDS/ONLCLIJ1
2025-04-10 16:53:09.734759 - Found ONLCLIJ2.jcl (text/plain) in SBGOLOB.CBT509.FILE846, moved to PDS/ONLCLIJ2
2025-04-10 16:53:09.734973 - Found ONLCLIP.txt (text/plain) in SBGOLOB.CBT509.FILE846, moved to PDS/ONLCLIP
2025-04-10 16:53:09.735043 - Found ONLCLIP$.jcl (text/plain) in SBGOLOB.CBT509.FILE846, moved to PDS/ONLCLIP$
2025-04-10 16:53:09.735154 - Found ONLCLI00.txt (text/plain) in SBGOLOB.CBT509.FILE846, moved to PDS/ONLCLI00
2025-04-10 16:53:09.735216 - Found TRK0INI$.jcl (text/plain) in SBGOLOB.CBT509.FILE846, moved to PDS/TRK0INI$
2025-04-10 16:53:09.735280 - Found TRK0INIJ.jcl (text/plain) in SBGOLOB.CBT509.FILE846, moved to PDS/TRK0INIJ
2025-04-10 16:53:09.735367 - Found TRK0INIT.txt (text/plain) in SBGOLOB.CBT509.FILE846, moved to PDS/TRK0INIT
2025-04-10 16:53:09.735519 - Found TRK0SAV$.jcl (text/plain) in SBGOLOB.CBT509.FILE846, moved to PDS/TRK0SAV$
2025-04-10 16:53:09.735793 - Found TRK0SAVE.jcl (text/plain) in SBGOLOB.CBT509.FILE846, moved to PDS/TRK0SAVE
2025-04-10 16:53:09.735895 - Found TRK0SAVJ.jcl (text/plain) in SBGOLOB.CBT509.FILE846, moved to PDS/TRK0SAVJ
2025-04-10 16:53:09.736013 - Found TRK0UPD.jcl (text/plain) in SBGOLOB.CBT509.FILE846, moved to PDS/TRK0UPD
2025-04-10 16:53:09.736112 - Found TRK0UPD$.jcl (text/plain) in SBGOLOB.CBT509.FILE846, moved to PDS/TRK0UPD$
2025-04-10 16:53:09.736242 - Found TRK0UPDJ.jcl (text/plain) in SBGOLOB.CBT509.FILE846, moved to PDS/TRK0UPDJ
2025-04-10 16:53:09.736466 - Found TRK0UPDK.jcl (text/plain) in SBGOLOB.CBT509.FILE846, moved to PDS/TRK0UPDK
2025-04-10 16:53:09.736570 - Found TR02ABS.txt (text/plain) in SBGOLOB.CBT509.FILE846, moved to PDS/TR02ABS
2025-04-10 16:53:09.736629 - Found TR02ABS$.jcl (text/plain) in SBGOLOB.CBT509.FILE846, moved to PDS/TR02ABS$
2025-04-10 16:53:09.736688 - Found TR02ABSJ.jcl (text/plain) in SBGOLOB.CBT509.FILE846, moved to PDS/TR02ABSJ
